Error: Cannot initialize debug engine: Unable to read device chain into the Debugging session.
       Ensure that your FlashPro project is loaded and that your device programmer is connected.
Error: Cannot initialize debug engine: Unable to read device chain into the Debugging session.
       Ensure that your FlashPro project is loaded and that your device programmer is connected.
Error: Cannot initialize debug engine: Unable to read device chain into the Debugging session.
       Ensure that your FlashPro project is loaded and that your device programmer is connected.
Error: Cannot initialize debug engine: Unable to read device chain into the Debugging session.
       Ensure that your FlashPro project is loaded and that your device programmer is connected.
Error: Cannot initialize debug engine: Unable to read device chain into the Debugging session.
       Ensure that your FlashPro project is loaded and that your device programmer is connected.
FlashPro
Version: 12.200.0.20
Release: PolarFire v2.0

Software Version: 12.200.0.20
STAPL file
'C:\Users\nitin.deshpande\Desktop\newrepo\SmartFusion2-Advanced-Dev-Kit\Programming_The_Target_\
Device\PROC_SUBSYSTEM_MIV_RV32IMA_BaseDesign\projectData\PROC_SUBSYSTEM.stp' has been loaded
successfully.
DESIGN : PROC_SUBSYSTEM;  CHECKSUM : 4554;  ALG_VERSION : 2
Driver : 3.0.0 build 1
programmer '66773' : FlashPro4
Embedded FlashPro5 programmer detected.
programmer 'E200OROFA' : FlashPro5
Embedded FlashPro5 programmer detected.
programmer 'E200108CTE' : FlashPro5
Opened
'C:\Users\nitin.deshpande\Documents\GitHub\ForKevin\SmartFusion2-Advanced-Dev-Kit\Programming_T\
he_Target_Device\PROC_SUBSYSTEM_MIV_RV32IMA_BaseDesign\PROC_SUBSYSTEM_BaseDesign.pro'
Rescanning for Programmers...
programmer '66773' : FlashPro4
Embedded FlashPro5 programmer detected.
programmer 'E200OROFA' : FlashPro5
Rescanning for Programmers DONE.
Rescanning for Programmers...
programmer '66773' : FlashPro4
Rescanning for Programmers DONE.
Rescanning for Programmers...
Embedded FlashPro5 programmer detected.
programmer 'E200OROFA' : FlashPro5
Rescanning for Programmers DONE.
programmer 'E200OROFA' : Scan Chain...
Warning: programmer 'E200OROFA' : Vpump has been selected on programmer AND an externally
         provided Vpump has also been detected. Using externally provided Vpump voltage source.
Error: programmer 'E200OROFA' : Signal Integrity Failure
       Integrity Check Pattern Not Found.
       Integrity Check Pattern :
       550FAAF000FF0000FFFF
       IrScan Error.
       TDO stuck at 0
       Chain Analysis Failed.
Error: programmer 'E200OROFA' : Data Bit length : 8272
Error: programmer 'E200OROFA' : Compare Data  :
       0000000000000000000000000000000000000000000000000000000000000000000000000000000000000000\
       0000000000000000000000000000000000000000000000000000000000000000000000000000000000000000\
       0000000000000000000000000000000000000000000000000000000000000000000000000000000000000000\
       0000000000000000000000000000000000000000000000000000000000000000000000000000000000000000\
       0000000000000000000000000000000000000000000000000000000000000000000000000000000000000000\
       0000000000000000000000000000000000000000000000000000000000000000000000000000000000000000\
       0000000000000000000000000000000000000000000000000000000000000000000000000000000000000000\
       0000000000000000000000000000000000000000000000000000000000000000000000000000000000000000\
       0000000000000000000000000000000000000000000000000000000000000000000000000000000000000000\
       0000000000000000000000000000000000000000000000000000000000000000000000000000000000000000\
       0000000000000000000000000000000000000000000000000000000000000000000000000000000000000000\
       0000000000000000000000000000000000000000000000000000000000000000000000000000000000000000\
       0000000000000000000000000000000000000000000000000000000000000000000000000000000000000000\
       0000000000000000000000000000000000000000000000000000000000000000000000000000000000000000\
       0000000000000000000000000000000000000000000000000000000000000000000000000000000000000000\
       0000000000000000000000000000000000000000000000000000000000000000000000000000000000000000\
       0000000000000000000000000000000000000000000000000000000000000000000000000000000000000000\
       0000000000000000000000000000000000000000000000000000000000000000000000000000000000000000\
       0000000000000000000000000000000000000000000000000000000000000000000000000000000000000000\
       0000000000000000000000000000000000000000000000000000000000000000000000000000000000000000\
       0000000000000000000000000000000000000000000000000000000000000000000000000000000000000000\
       0000000000000000000000000000000000000000000000000000000000000000000000000000000000000000\
       0000000000000000000000000000000000000000000000000000000000000000000000000000000000000000\
       00000000000000000000000000000000000000000000
Error: programmer 'E200OROFA' : Scan Chain FAILED.
Error: Failed to run Action.
Rescanning for Programmers...
programmer '66773' : FlashPro4
Embedded FlashPro5 programmer detected.
programmer 'E200OROFA' : FlashPro5
Rescanning for Programmers DONE.
programmer '66773' : Scan Chain...
Warning: programmer '66773' : Vpump has been selected on programmer AND an externally provided
         Vpump has also been detected. Using externally provided Vpump voltage source.
programmer '66773' : Check Chain...
programmer '66773' : Scan and Check Chain PASSED.
programmer 'E200OROFA' : Programmer is disabled and skipped.
programmer '66773' : device 'M2S050' : Executing action PROGRAM
programmer '66773' : device 'M2S050' : Family: SmartFusion2
programmer '66773' : device 'M2S050' : Product:      M2S150
programmer '66773' : device 'M2S050' : EXPORT ISC_ENABLE_RESULT[32] = 00796544
programmer '66773' : device 'M2S050' : EXPORT CRCERR[1] = 0
programmer '66773' : device 'M2S050' : EXPORT EDCERR[1] = 0
programmer '66773' : device 'M2S050' : Programming FPGA Array and eNVM...
programmer '66773' : device 'M2S050' : EXPORT Fabric component digest[256] =
7492899529842975f4989a6037fd78581282877da365674287e3b7f1d210f1a4
programmer '66773' : device 'M2S050' : EXPORT eNVM_0 component digest[256] =
de1ef6dad45250c932e9402116910593bc9d0065e5c2f6205755aafdea50a722
programmer '66773' : device 'M2S050' :
===================================================================================
programmer '66773' : device 'M2S050' : EXPORT DSN[128] = 852012706f80eae785c8d34565b0ba0e
programmer '66773' : device 'M2S050' :
===================================================================================
programmer '66773' : device 'M2S050' : Finished: Tue Apr 17 09:13:08 2018 (Elapsed time
00:02:25)
programmer '66773' : device 'M2S050' : Executing action PROGRAM PASSED.
programmer '66773' : Chain programming PASSED.
Chain Programming Finished: Tue Apr 17 09:13:08 2018 (Elapsed time 00:02:25)

                        o - o - o - o - o - o

Warning: Project 'PROC_SUBSYSTEM_BaseDesign' has been modified. Do you want to save it? [YES]
Project saved.
Project closed.
Software Version: 12.200.0.20
STAPL file
'C:\Users\nitin.deshpande\Desktop\tempdown\MPF300T-PolarFire-Eval-Kit\Programming_The_Target_De\
vice\MIV_RV32IMA_L1_AHB_BaseDesign\projectData\BaseDesign.stp' has been loaded successfully.
DESIGN : BaseDesign;  CHECKSUM : 9D74;  ALG_VERSION : 1
Embedded FlashPro5 programmer detected.
programmer 'E200V3SUI' : FlashPro5
Opened
'C:\Users\nitin.deshpande\Documents\GitHub\ForKevin\PolarFire-Eval-Kit\Programming_The_Target_D\
evice\MIV_RV32IMA_L1_AHB_BaseDesign\MIV_RV32IMA_L1_AHB_BaseDesign.pro'
programmer 'E200V3SUI' : Scan Chain...
Warning: programmer 'E200V3SUI' : Vpump has been selected on programmer AND an externally
         provided Vpump has also been detected. Using externally provided Vpump voltage source.
programmer 'E200V3SUI' : Check Chain...
programmer 'E200V3SUI' : Scan and Check Chain PASSED.
programmer 'E200V3SUI' : device 'MPF300TS_ES' : Executing action PROGRAM
programmer 'E200V3SUI' : device 'MPF300TS_ES' : EXPORT ISC_ENABLE_RESULT[32] = 00000000
programmer 'E200V3SUI' : device 'MPF300TS_ES' : EXPORT CRCERR[1] = 0
programmer 'E200V3SUI' : device 'MPF300TS_ES' : Programming FPGA Array and sNVM...
programmer 'E200V3SUI' : device 'MPF300TS_ES' : EXPORT BITS component bitstream digest[256] =
e628346f15f57b0bb57f2a9a7ba39a841126caa067b4873fa03d218c2fd0001c
programmer 'E200V3SUI' : device 'MPF300TS_ES' : EXPORT Fabric component bitstream digest[256] =
b501dd294b160651b4751136076c48c06c9f7311afaa696978cfa687565b64ff
programmer 'E200V3SUI' : device 'MPF300TS_ES' : EXPORT sNVM component bitstream digest[256] =
4e8dd8396a889d2e85e97b68d6ba17c98f2cbefcb51af0cc3b5d2a28925e961d
programmer 'E200V3SUI' : device 'MPF300TS_ES' : EXPORT EOB component bitstream digest[256] =
2f68995dcd57cac7984bca0a1d1bb629ecc156a8f5b5cf587e1b90474385b114
programmer 'E200V3SUI' : device 'MPF300TS_ES' :
===================================================================================
programmer 'E200V3SUI' : device 'MPF300TS_ES' : EXPORT DSN[128] =
2097bc03450c81d4769f9acc98dc5b92
programmer 'E200V3SUI' : device 'MPF300TS_ES' :
===================================================================================
programmer 'E200V3SUI' : device 'MPF300TS_ES' : Finished: Tue Apr 17 09:34:50 2018 (Elapsed time
00:01:37)
programmer 'E200V3SUI' : device 'MPF300TS_ES' : Executing action PROGRAM PASSED.
programmer 'E200V3SUI' : Chain programming PASSED.
Chain Programming Finished: Tue Apr 17 09:34:50 2018 (Elapsed time 00:01:37)

                        o - o - o - o - o - o

Project closed.
