Error: Cannot initialize debug engine: Unable to read device chain into the Debugging session.
       Ensure that your FlashPro project is loaded and that your device programmer is connected.
Error: Cannot initialize debug engine: Unable to read device chain into the Debugging session.
       Ensure that your FlashPro project is loaded and that your device programmer is connected.
Error: Cannot initialize debug engine: Unable to read device chain into the Debugging session.
       Ensure that your FlashPro project is loaded and that your device programmer is connected.
Error: Cannot initialize debug engine: Unable to read device chain into the Debugging session.
       Ensure that your FlashPro project is loaded and that your device programmer is connected.
Error: Cannot initialize debug engine: Unable to read device chain into the Debugging session.
       Ensure that your FlashPro project is loaded and that your device programmer is connected.
FlashPro
Version: 12.200.0.20
Release: PolarFire v2.0

Software Version: 12.200.0.20
STAPL file
'C:\Users\nitin.deshpande\Desktop\newrepo\SmartFusion2-Advanced-Dev-Kit\Programming_The_Target_\
Device\PROC_SUBSYSTEM_MIV_RV32IMA_BaseDesign\projectData\PROC_SUBSYSTEM.stp' has been loaded
successfully.
DESIGN : PROC_SUBSYSTEM;  CHECKSUM : 4554;  ALG_VERSION : 2
Driver : 3.0.0 build 1
programmer '66773' : FlashPro4
Embedded FlashPro5 programmer detected.
programmer 'E200OROFA' : FlashPro5
Embedded FlashPro5 programmer detected.
programmer 'E200108CTE' : FlashPro5
Opened
'C:\Users\nitin.deshpande\Documents\GitHub\ForKevin\SmartFusion2-Advanced-Dev-Kit\Programming_T\
he_Target_Device\PROC_SUBSYSTEM_MIV_RV32IMA_BaseDesign\PROC_SUBSYSTEM_BaseDesign.pro'
Rescanning for Programmers...
programmer '66773' : FlashPro4
Embedded FlashPro5 programmer detected.
programmer 'E200OROFA' : FlashPro5
Rescanning for Programmers DONE.
Rescanning for Programmers...
programmer '66773' : FlashPro4
Rescanning for Programmers DONE.
Rescanning for Programmers...
Embedded FlashPro5 programmer detected.
programmer 'E200OROFA' : FlashPro5
Rescanning for Programmers DONE.
programmer 'E200OROFA' : Scan Chain...
Warning: programmer 'E200OROFA' : Vpump has been selected on programmer AND an externally
         provided Vpump has also been detected. Using externally provided Vpump voltage source.
Error: programmer 'E200OROFA' : Signal Integrity Failure
       Integrity Check Pattern Not Found.
       Integrity Check Pattern :
       550FAAF000FF0000FFFF
       IrScan Error.
       TDO stuck at 0
       Chain Analysis Failed.
Error: programmer 'E200OROFA' : Data Bit length : 8272
Error: programmer 'E200OROFA' : Compare Data  :
       0000000000000000000000000000000000000000000000000000000000000000000000000000000000000000\
       0000000000000000000000000000000000000000000000000000000000000000000000000000000000000000\
       0000000000000000000000000000000000000000000000000000000000000000000000000000000000000000\
       0000000000000000000000000000000000000000000000000000000000000000000000000000000000000000\
       0000000000000000000000000000000000000000000000000000000000000000000000000000000000000000\
       0000000000000000000000000000000000000000000000000000000000000000000000000000000000000000\
       0000000000000000000000000000000000000000000000000000000000000000000000000000000000000000\
       0000000000000000000000000000000000000000000000000000000000000000000000000000000000000000\
       0000000000000000000000000000000000000000000000000000000000000000000000000000000000000000\
       0000000000000000000000000000000000000000000000000000000000000000000000000000000000000000\
       0000000000000000000000000000000000000000000000000000000000000000000000000000000000000000\
       0000000000000000000000000000000000000000000000000000000000000000000000000000000000000000\
       0000000000000000000000000000000000000000000000000000000000000000000000000000000000000000\
       0000000000000000000000000000000000000000000000000000000000000000000000000000000000000000\
       0000000000000000000000000000000000000000000000000000000000000000000000000000000000000000\
       0000000000000000000000000000000000000000000000000000000000000000000000000000000000000000\
       0000000000000000000000000000000000000000000000000000000000000000000000000000000000000000\
       0000000000000000000000000000000000000000000000000000000000000000000000000000000000000000\
       0000000000000000000000000000000000000000000000000000000000000000000000000000000000000000\
       0000000000000000000000000000000000000000000000000000000000000000000000000000000000000000\
       0000000000000000000000000000000000000000000000000000000000000000000000000000000000000000\
       0000000000000000000000000000000000000000000000000000000000000000000000000000000000000000\
       0000000000000000000000000000000000000000000000000000000000000000000000000000000000000000\
       00000000000000000000000000000000000000000000
Error: programmer 'E200OROFA' : Scan Chain FAILED.
Error: Failed to run Action.
Rescanning for Programmers...
programmer '66773' : FlashPro4
Embedded FlashPro5 programmer detected.
programmer 'E200OROFA' : FlashPro5
Rescanning for Programmers DONE.
programmer '66773' : Scan Chain...
Warning: programmer '66773' : Vpump has been selected on programmer AND an externally provided
         Vpump has also been detected. Using externally provided Vpump voltage source.
programmer '66773' : Check Chain...
programmer '66773' : Scan and Check Chain PASSED.
programmer 'E200OROFA' : Programmer is disabled and skipped.
programmer '66773' : device 'M2S050' : Executing action PROGRAM
programmer '66773' : device 'M2S050' : Family: SmartFusion2
programmer '66773' : device 'M2S050' : Product:      M2S150
programmer '66773' : device 'M2S050' : EXPORT ISC_ENABLE_RESULT[32] = 00796544
programmer '66773' : device 'M2S050' : EXPORT CRCERR[1] = 0
programmer '66773' : device 'M2S050' : EXPORT EDCERR[1] = 0
programmer '66773' : device 'M2S050' : Programming FPGA Array and eNVM...
programmer '66773' : device 'M2S050' : EXPORT Fabric component digest[256] =
7492899529842975f4989a6037fd78581282877da365674287e3b7f1d210f1a4
programmer '66773' : device 'M2S050' : EXPORT eNVM_0 component digest[256] =
de1ef6dad45250c932e9402116910593bc9d0065e5c2f6205755aafdea50a722
programmer '66773' : device 'M2S050' :
===================================================================================
programmer '66773' : device 'M2S050' : EXPORT DSN[128] = 852012706f80eae785c8d34565b0ba0e
programmer '66773' : device 'M2S050' :
===================================================================================
programmer '66773' : device 'M2S050' : Finished: Tue Apr 17 09:13:08 2018 (Elapsed time
00:02:25)
programmer '66773' : device 'M2S050' : Executing action PROGRAM PASSED.
programmer '66773' : Chain programming PASSED.
Chain Programming Finished: Tue Apr 17 09:13:08 2018 (Elapsed time 00:02:25)

                        o - o - o - o - o - o

Warning: Project 'PROC_SUBSYSTEM_BaseDesign' has been modified. Do you want to save it? [YES]
Project saved.
Project closed.
Software Version: 12.200.0.20
STAPL file
'C:\Users\nitin.deshpande\Desktop\tempdown\MPF300T-PolarFire-Eval-Kit\Programming_The_Target_De\
vice\MIV_RV32IMA_L1_AHB_BaseDesign\projectData\BaseDesign.stp' has been loaded successfully.
DESIGN : BaseDesign;  CHECKSUM : 9D74;  ALG_VERSION : 1
Embedded FlashPro5 programmer detected.
programmer 'E200V3SUI' : FlashPro5
Opened
'C:\Users\nitin.deshpande\Documents\GitHub\ForKevin\PolarFire-Eval-Kit\Programming_The_Target_D\
evice\MIV_RV32IMA_L1_AHB_BaseDesign\MIV_RV32IMA_L1_AHB_BaseDesign.pro'
programmer 'E200V3SUI' : Scan Chain...
Warning: programmer 'E200V3SUI' : Vpump has been selected on programmer AND an externally
         provided Vpump has also been detected. Using externally provided Vpump voltage source.
programmer 'E200V3SUI' : Check Chain...
programmer 'E200V3SUI' : Scan and Check Chain PASSED.
programmer 'E200V3SUI' : device 'MPF300TS_ES' : Executing action PROGRAM
programmer 'E200V3SUI' : device 'MPF300TS_ES' : EXPORT ISC_ENABLE_RESULT[32] = 00000000
programmer 'E200V3SUI' : device 'MPF300TS_ES' : EXPORT CRCERR[1] = 0
programmer 'E200V3SUI' : device 'MPF300TS_ES' : Programming FPGA Array and sNVM...
programmer 'E200V3SUI' : device 'MPF300TS_ES' : EXPORT BITS component bitstream digest[256] =
e628346f15f57b0bb57f2a9a7ba39a841126caa067b4873fa03d218c2fd0001c
programmer 'E200V3SUI' : device 'MPF300TS_ES' : EXPORT Fabric component bitstream digest[256] =
b501dd294b160651b4751136076c48c06c9f7311afaa696978cfa687565b64ff
programmer 'E200V3SUI' : device 'MPF300TS_ES' : EXPORT sNVM component bitstream digest[256] =
4e8dd8396a889d2e85e97b68d6ba17c98f2cbefcb51af0cc3b5d2a28925e961d
programmer 'E200V3SUI' : device 'MPF300TS_ES' : EXPORT EOB component bitstream digest[256] =
2f68995dcd57cac7984bca0a1d1bb629ecc156a8f5b5cf587e1b90474385b114
programmer 'E200V3SUI' : device 'MPF300TS_ES' :
===================================================================================
programmer 'E200V3SUI' : device 'MPF300TS_ES' : EXPORT DSN[128] =
2097bc03450c81d4769f9acc98dc5b92
programmer 'E200V3SUI' : device 'MPF300TS_ES' :
===================================================================================
programmer 'E200V3SUI' : device 'MPF300TS_ES' : Finished: Tue Apr 17 09:34:50 2018 (Elapsed time
00:01:37)
programmer 'E200V3SUI' : device 'MPF300TS_ES' : Executing action PROGRAM PASSED.
programmer 'E200V3SUI' : Chain programming PASSED.
Chain Programming Finished: Tue Apr 17 09:34:50 2018 (Elapsed time 00:01:37)

                        o - o - o - o - o - o

Project closed.
Software Version: 12.200.0.20
STAPL file
'C:\Users\nitin.deshpande\Desktop\newrepo\RISC-V-Creative-board\Programming_The_Target_Device\P\
ROC_SUBSYSTEM_MIV_RV32IMA_BaseDesign\projectData\PROC_SUBSYSTEM.stp' has been loaded
successfully.
DESIGN : PROC_SUBSYSTEM;  CHECKSUM : F06F;  ALG_VERSION : 2
Embedded FlashPro5 programmer detected.
programmer 'E200108CTE' : FlashPro5
Opened
'C:\Users\nitin.deshpande\Documents\GitHub\ForKevin\RISC-V-Creative-Board\Programming_The_Targe\
t_Device\PROC_SUBSYSTEM_MIV_RV32IMA_BaseDesign\PROC_SUBSYSTEMMIV_BaseDesign.pro'
programmer 'E200108CTE' : Scan Chain...
Warning: programmer 'E200108CTE' : Vpump has been selected on programmer AND an externally
         provided Vpump has also been detected. Using externally provided Vpump voltage source.
programmer 'E200108CTE' : Check Chain...
programmer 'E200108CTE' : Scan and Check Chain PASSED.
programmer 'E200108CTE' : device 'M2GL025' : Executing action PROGRAM
programmer 'E200108CTE' : device 'M2GL025' : Family: Igloo2
programmer 'E200108CTE' : device 'M2GL025' : Product:      M2GL005
programmer 'E200108CTE' : device 'M2GL025' : EXPORT ISC_ENABLE_RESULT[32] = 007c6844
programmer 'E200108CTE' : device 'M2GL025' : EXPORT CRCERR[1] = 0
programmer 'E200108CTE' : device 'M2GL025' : EXPORT EDCERR[1] = 0
programmer 'E200108CTE' : device 'M2GL025' : Programming FPGA Array and eNVM...
programmer 'E200108CTE' : device 'M2GL025' : EXPORT Fabric component digest[256] =
44720ba04e1bd23064d30a6548af8cf3446fdd00955515ba2d317583c99dcaec
programmer 'E200108CTE' : device 'M2GL025' : EXPORT eNVM component digest[256] =
f12f03bf16046689f995d83b0e8de8b428a4cfe5d56ceb26134d1881819b1089
programmer 'E200108CTE' : device 'M2GL025' :
===================================================================================
programmer 'E200108CTE' : device 'M2GL025' : EXPORT DSN[128] = 334bd6b5cda9b0a977f29486f03a6f6b
programmer 'E200108CTE' : device 'M2GL025' :
===================================================================================
programmer 'E200108CTE' : device 'M2GL025' : Finished: Tue Apr 17 11:36:58 2018 (Elapsed time
00:00:42)
programmer 'E200108CTE' : device 'M2GL025' : Executing action PROGRAM PASSED.
programmer 'E200108CTE' : Chain programming PASSED.
Chain Programming Finished: Tue Apr 17 11:36:58 2018 (Elapsed time 00:00:42)

                        o - o - o - o - o - o

STAPL file
'C:\Users\nitin.deshpande\Desktop\tempdown\M2GL025-Creative-Board\Modify_The_FPGA_Design\IGL2_M\
IV_RV32IMA_BaseDesign\designer\PROC_SUBSYSTEM\export\PROC_SUBSYSTEM.stp' has been loaded
successfully.
DESIGN : PROC_SUBSYSTEM;  CHECKSUM : F06F;  ALG_VERSION : 2
programmer 'E200108CTE' : Scan Chain...
Warning: programmer 'E200108CTE' : Vpump has been selected on programmer AND an externally
         provided Vpump has also been detected. Using externally provided Vpump voltage source.
programmer 'E200108CTE' : Check Chain...
programmer 'E200108CTE' : Scan and Check Chain PASSED.
programmer 'E200108CTE' : device 'M2GL025' : Executing action PROGRAM
programmer 'E200108CTE' : device 'M2GL025' : Family: Igloo2
programmer 'E200108CTE' : device 'M2GL025' : Product:      M2GL005
programmer 'E200108CTE' : device 'M2GL025' : EXPORT ISC_ENABLE_RESULT[32] = 007c6744
programmer 'E200108CTE' : device 'M2GL025' : EXPORT CRCERR[1] = 0
programmer 'E200108CTE' : device 'M2GL025' : EXPORT EDCERR[1] = 0
programmer 'E200108CTE' : device 'M2GL025' : Programming FPGA Array and eNVM...
programmer 'E200108CTE' : device 'M2GL025' : EXPORT Fabric component digest[256] =
44720ba04e1bd23064d30a6548af8cf3446fdd00955515ba2d317583c99dcaec
programmer 'E200108CTE' : device 'M2GL025' : EXPORT eNVM component digest[256] =
f12f03bf16046689f995d83b0e8de8b428a4cfe5d56ceb26134d1881819b1089
programmer 'E200108CTE' : device 'M2GL025' :
===================================================================================
programmer 'E200108CTE' : device 'M2GL025' : EXPORT DSN[128] = 334bd6b5cda9b0a977f29486f03a6f6b
programmer 'E200108CTE' : device 'M2GL025' :
===================================================================================
programmer 'E200108CTE' : device 'M2GL025' : Finished: Tue Apr 17 13:18:53 2018 (Elapsed time
00:00:42)
programmer 'E200108CTE' : device 'M2GL025' : Executing action PROGRAM PASSED.
programmer 'E200108CTE' : Chain programming PASSED.
Chain Programming Finished: Tue Apr 17 13:18:53 2018 (Elapsed time 00:00:42)

                        o - o - o - o - o - o

STAPL file
'C:\Users\nitin.deshpande\Documents\GitHub\ForKevin\RISC-V-Creative-Board\Programming_The_Targe\
t_Device\PROC_SUBSYSTEM_MIV_RV32IMA_BaseDesign\projectData\PROC_SUBSYSTEM.stp' has been loaded
successfully.
DESIGN : PROC_SUBSYSTEM;  CHECKSUM : F06F;  ALG_VERSION : 2
programmer 'E200108CTE' : Scan Chain...
Warning: programmer 'E200108CTE' : Vpump has been selected on programmer AND an externally
         provided Vpump has also been detected. Using externally provided Vpump voltage source.
programmer 'E200108CTE' : Check Chain...
programmer 'E200108CTE' : Scan and Check Chain PASSED.
programmer 'E200108CTE' : device 'M2GL025' : Executing action PROGRAM
programmer 'E200108CTE' : device 'M2GL025' : Family: Igloo2
programmer 'E200108CTE' : device 'M2GL025' : Product:      M2GL005
programmer 'E200108CTE' : device 'M2GL025' : EXPORT ISC_ENABLE_RESULT[32] = 007c6744
programmer 'E200108CTE' : device 'M2GL025' : EXPORT CRCERR[1] = 0
programmer 'E200108CTE' : device 'M2GL025' : EXPORT EDCERR[1] = 0
programmer 'E200108CTE' : device 'M2GL025' : Programming FPGA Array and eNVM...
programmer 'E200108CTE' : device 'M2GL025' : EXPORT Fabric component digest[256] =
44720ba04e1bd23064d30a6548af8cf3446fdd00955515ba2d317583c99dcaec
programmer 'E200108CTE' : device 'M2GL025' : EXPORT eNVM component digest[256] =
f12f03bf16046689f995d83b0e8de8b428a4cfe5d56ceb26134d1881819b1089
programmer 'E200108CTE' : device 'M2GL025' :
===================================================================================
programmer 'E200108CTE' : device 'M2GL025' : EXPORT DSN[128] = 334bd6b5cda9b0a977f29486f03a6f6b
programmer 'E200108CTE' : device 'M2GL025' :
===================================================================================
programmer 'E200108CTE' : device 'M2GL025' : Finished: Tue Apr 17 13:20:38 2018 (Elapsed time
00:00:42)
programmer 'E200108CTE' : device 'M2GL025' : Executing action PROGRAM PASSED.
programmer 'E200108CTE' : Chain programming PASSED.
Chain Programming Finished: Tue Apr 17 13:20:38 2018 (Elapsed time 00:00:42)

                        o - o - o - o - o - o

Warning: Project 'PROC_SUBSYSTEMMIV_BaseDesign' has been modified. Do you want to save it? [YES]
Project saved.
Project closed.
Software Version: 12.200.0.20
STAPL file
'C:\Users\nitin.deshpande\Desktop\newrepo\RISC-V-Creative-board\Programming_The_Target_Device\P\
ROC_SUBSYSTEM_BaseDesign\projectData\PROC_SUBSYSTEM.stp' has been loaded successfully.
DESIGN : PROC_SUBSYSTEM;  CHECKSUM : 5DA7;  ALG_VERSION : 2
Embedded FlashPro5 programmer detected.
programmer 'E200108CTE' : FlashPro5
Opened
'C:\Users\nitin.deshpande\Documents\GitHub\ForKevin\RISC-V-Creative-Board\Programming_The_Targe\
t_Device\PROC_SUBSYSTEM_BaseDesign\PROC_SUBSYSTEM_BaseDesign.pro'
programmer 'E200108CTE' : Scan Chain...
Warning: programmer 'E200108CTE' : Vpump has been selected on programmer AND an externally
         provided Vpump has also been detected. Using externally provided Vpump voltage source.
programmer 'E200108CTE' : Check Chain...
programmer 'E200108CTE' : Scan and Check Chain PASSED.
programmer 'E200108CTE' : device 'M2GL025' : Executing action PROGRAM
programmer 'E200108CTE' : device 'M2GL025' : Family: Igloo2
programmer 'E200108CTE' : device 'M2GL025' : Product:      M2GL005
programmer 'E200108CTE' : device 'M2GL025' : EXPORT ISC_ENABLE_RESULT[32] = 007c6744
programmer 'E200108CTE' : device 'M2GL025' : EXPORT CRCERR[1] = 0
programmer 'E200108CTE' : device 'M2GL025' : EXPORT EDCERR[1] = 0
programmer 'E200108CTE' : device 'M2GL025' : Programming FPGA Array and eNVM...
programmer 'E200108CTE' : device 'M2GL025' : EXPORT Fabric component digest[256] =
f5915a4b4db9e2b96e41ae9f322efdb009517bf0a62abd23ad9ca5a2fc06ed9c
programmer 'E200108CTE' : device 'M2GL025' : EXPORT eNVM component digest[256] =
f12f03bf16046689f995d83b0e8de8b428a4cfe5d56ceb26134d1881819b1089
programmer 'E200108CTE' : device 'M2GL025' :
===================================================================================
programmer 'E200108CTE' : device 'M2GL025' : EXPORT DSN[128] = 334bd6b5cda9b0a977f29486f03a6f6b
programmer 'E200108CTE' : device 'M2GL025' :
===================================================================================
programmer 'E200108CTE' : device 'M2GL025' : Finished: Tue Apr 17 13:22:27 2018 (Elapsed time
00:00:42)
programmer 'E200108CTE' : device 'M2GL025' : Executing action PROGRAM PASSED.
programmer 'E200108CTE' : Chain programming PASSED.
Chain Programming Finished: Tue Apr 17 13:22:27 2018 (Elapsed time 00:00:42)

                        o - o - o - o - o - o

STAPL file
'C:\Users\nitin.deshpande\Desktop\tempdown\M2GL025-Creative-Board\YellowBoard\Programming the
Target Device\PROC_SUBSYSTEM.stp' has been loaded successfully.
DESIGN : PROC_SUBSYSTEM;  CHECKSUM : 9236;  ALG_VERSION : 2
programmer 'E200108CTE' : Scan Chain...
Warning: programmer 'E200108CTE' : Vpump has been selected on programmer AND an externally
         provided Vpump has also been detected. Using externally provided Vpump voltage source.
programmer 'E200108CTE' : Check Chain...
programmer 'E200108CTE' : Scan and Check Chain PASSED.
programmer 'E200108CTE' : device 'M2GL025' : Executing action PROGRAM
programmer 'E200108CTE' : device 'M2GL025' : Family: Igloo2
programmer 'E200108CTE' : device 'M2GL025' : Product:      M2GL005
programmer 'E200108CTE' : device 'M2GL025' : EXPORT ISC_ENABLE_RESULT[32] = 007c6744
programmer 'E200108CTE' : device 'M2GL025' : EXPORT CRCERR[1] = 0
programmer 'E200108CTE' : device 'M2GL025' : EXPORT EDCERR[1] = 0
programmer 'E200108CTE' : device 'M2GL025' : TEMPGRADE: ROOM
programmer 'E200108CTE' : device 'M2GL025' : EXPORT VPPRANGE[3] = 2
programmer 'E200108CTE' : device 'M2GL025' : VPPRANGE: HIGH
programmer 'E200108CTE' : device 'M2GL025' : EXPORT TEMP[8] = 67
programmer 'E200108CTE' : device 'M2GL025' : EXPORT VPP[8] = 7c
programmer 'E200108CTE' : device 'M2GL025' : Programming FPGA Array and eNVM...
Error: programmer 'E200108CTE' : device 'M2GL025' : Microsemi FlashPro3/3x/4/5 Programmer has
       been disconnected. Please check connection.
programmer 'E200108CTE' : device 'M2GL025' : Finished: Tue Apr 17 13:24:56 2018 (Elapsed time
00:00:14)
Error: programmer 'E200108CTE' : device 'M2GL025' : Executing action PROGRAM FAILED.
Error: programmer 'E200108CTE' : Chain programming FAILED.
Chain Programming Finished: Tue Apr 17 13:24:56 2018 (Elapsed time 00:00:14)
Error: Failed to run Action.
programmer 'E200108CTE' : Scan Chain...
Warning: programmer 'E200108CTE' : Vpump has been selected on programmer AND an externally
         provided Vpump has also been detected. Using externally provided Vpump voltage source.
programmer 'E200108CTE' : Check Chain...
programmer 'E200108CTE' : Scan and Check Chain PASSED.
programmer 'E200108CTE' : device 'M2GL025' : Executing action PROGRAM
programmer 'E200108CTE' : device 'M2GL025' : Family: Igloo2
programmer 'E200108CTE' : device 'M2GL025' : Product:      M2GL005
programmer 'E200108CTE' : device 'M2GL025' : EXPORT ISC_ENABLE_RESULT[32] = 007c6844
programmer 'E200108CTE' : device 'M2GL025' : EXPORT CRCERR[1] = 0
programmer 'E200108CTE' : device 'M2GL025' : EXPORT EDCERR[1] = 0
programmer 'E200108CTE' : device 'M2GL025' : TEMPGRADE: ROOM
programmer 'E200108CTE' : device 'M2GL025' : EXPORT VPPRANGE[3] = 2
programmer 'E200108CTE' : device 'M2GL025' : VPPRANGE: HIGH
programmer 'E200108CTE' : device 'M2GL025' : EXPORT TEMP[8] = 68
programmer 'E200108CTE' : device 'M2GL025' : EXPORT VPP[8] = 7c
programmer 'E200108CTE' : device 'M2GL025' : Programming FPGA Array and eNVM...
programmer 'E200108CTE' : device 'M2GL025' : EXPORT Fabric component digest[256] =
77b774d6d5422ffee2f6e7f98b8eeed4a51c3af0705319a2b31f518132254438
programmer 'E200108CTE' : device 'M2GL025' : EXPORT eNVM component digest[256] =
c4390fee081d21377c83f1087b5a412bf55db1a4f845f1b5098f4e6cd881008b
programmer 'E200108CTE' : device 'M2GL025' :
===================================================================================
programmer 'E200108CTE' : device 'M2GL025' : EXPORT DSN[128] = 334bd6b5cda9b0a977f29486f03a6f6b
programmer 'E200108CTE' : device 'M2GL025' :
===================================================================================
programmer 'E200108CTE' : device 'M2GL025' : Finished: Tue Apr 17 13:25:42 2018 (Elapsed time
00:00:42)
programmer 'E200108CTE' : device 'M2GL025' : Executing action PROGRAM PASSED.
programmer 'E200108CTE' : Chain programming PASSED.
Chain Programming Finished: Tue Apr 17 13:25:42 2018 (Elapsed time 00:00:42)

                        o - o - o - o - o - o

STAPL file
'C:\Users\nitin.deshpande\Documents\GitHub\ForKevin\RISC-V-Creative-Board\Programming_The_Targe\
t_Device\PROC_SUBSYSTEM_BaseDesign\projectData\PROC_SUBSYSTEM.stp' has been loaded successfully.
DESIGN : PROC_SUBSYSTEM;  CHECKSUM : 5DA7;  ALG_VERSION : 2
programmer 'E200108CTE' : Scan Chain...
Warning: programmer 'E200108CTE' : Vpump has been selected on programmer AND an externally
         provided Vpump has also been detected. Using externally provided Vpump voltage source.
programmer 'E200108CTE' : Check Chain...
programmer 'E200108CTE' : Scan and Check Chain PASSED.
programmer 'E200108CTE' : device 'M2GL025' : Executing action PROGRAM
programmer 'E200108CTE' : device 'M2GL025' : Family: Igloo2
programmer 'E200108CTE' : device 'M2GL025' : Product:      M2GL005
programmer 'E200108CTE' : device 'M2GL025' : EXPORT ISC_ENABLE_RESULT[32] = 007c6744
programmer 'E200108CTE' : device 'M2GL025' : EXPORT CRCERR[1] = 0
programmer 'E200108CTE' : device 'M2GL025' : EXPORT EDCERR[1] = 0
programmer 'E200108CTE' : device 'M2GL025' : Programming FPGA Array and eNVM...
programmer 'E200108CTE' : device 'M2GL025' : EXPORT Fabric component digest[256] =
f5915a4b4db9e2b96e41ae9f322efdb009517bf0a62abd23ad9ca5a2fc06ed9c
programmer 'E200108CTE' : device 'M2GL025' : EXPORT eNVM component digest[256] =
f12f03bf16046689f995d83b0e8de8b428a4cfe5d56ceb26134d1881819b1089
programmer 'E200108CTE' : device 'M2GL025' :
===================================================================================
programmer 'E200108CTE' : device 'M2GL025' : EXPORT DSN[128] = 334bd6b5cda9b0a977f29486f03a6f6b
programmer 'E200108CTE' : device 'M2GL025' :
===================================================================================
programmer 'E200108CTE' : device 'M2GL025' : Finished: Tue Apr 17 18:34:39 2018 (Elapsed time
00:00:42)
programmer 'E200108CTE' : device 'M2GL025' : Executing action PROGRAM PASSED.
programmer 'E200108CTE' : Chain programming PASSED.
Chain Programming Finished: Tue Apr 17 18:34:39 2018 (Elapsed time 00:00:42)

                        o - o - o - o - o - o

STAPL file 'C:\Users\nitin.deshpande\Desktop\tempdown\M2GL025-Creative-Board\YellowBoard\FPGA
Design\IGL2_RISCV_Systick_Blinky\designer\PROC_SUBSYSTEM\export\PROC_SUBSYSTEM.stp' has been
loaded successfully.
DESIGN : PROC_SUBSYSTEM;  CHECKSUM : B8FA;  ALG_VERSION : 2
programmer 'E200108CTE' : Scan Chain...
Warning: programmer 'E200108CTE' : Vpump has been selected on programmer AND an externally
         provided Vpump has also been detected. Using externally provided Vpump voltage source.
programmer 'E200108CTE' : Check Chain...
programmer 'E200108CTE' : Scan and Check Chain PASSED.
programmer 'E200108CTE' : device 'M2GL025' : Executing action PROGRAM
programmer 'E200108CTE' : device 'M2GL025' : Family: Igloo2
programmer 'E200108CTE' : device 'M2GL025' : Product:      M2GL005
programmer 'E200108CTE' : device 'M2GL025' : EXPORT ISC_ENABLE_RESULT[32] = 007c6744
programmer 'E200108CTE' : device 'M2GL025' : EXPORT CRCERR[1] = 0
programmer 'E200108CTE' : device 'M2GL025' : EXPORT EDCERR[1] = 0
programmer 'E200108CTE' : device 'M2GL025' : Programming FPGA Array and eNVM...
programmer 'E200108CTE' : device 'M2GL025' : EXPORT Fabric component digest[256] =
988b573e637828d46865db78f011b4797cf742a930dca14addce415398083207
programmer 'E200108CTE' : device 'M2GL025' : EXPORT eNVM component digest[256] =
c4390fee081d21377c83f1087b5a412bf55db1a4f845f1b5098f4e6cd881008b
programmer 'E200108CTE' : device 'M2GL025' :
===================================================================================
programmer 'E200108CTE' : device 'M2GL025' : EXPORT DSN[128] = 334bd6b5cda9b0a977f29486f03a6f6b
programmer 'E200108CTE' : device 'M2GL025' :
===================================================================================
programmer 'E200108CTE' : device 'M2GL025' : Finished: Tue Apr 17 19:32:32 2018 (Elapsed time
00:00:41)
programmer 'E200108CTE' : device 'M2GL025' : Executing action PROGRAM PASSED.
programmer 'E200108CTE' : Chain programming PASSED.
Chain Programming Finished: Tue Apr 17 19:32:32 2018 (Elapsed time 00:00:41)

                        o - o - o - o - o - o

STAPL file
'C:\Users\nitin.deshpande\Documents\GitHub\ForKevin\RISC-V-Creative-Board\Programming_The_Targe\
t_Device\PROC_SUBSYSTEM_BaseDesign\projectData\PROC_SUBSYSTEM.stp' has been loaded successfully.
DESIGN : PROC_SUBSYSTEM;  CHECKSUM : 5DA7;  ALG_VERSION : 2
Project saved.
Project closed.
